
instances/knapsack256.input
Reading knapsack instance
Reached 600 seconds time limit
------------------------------------------------
Total value: 80605
Total cost: 62405

0  670 570
1  101 1
2  219 119
4  287 187
5  467 367
7  790 690
8  122 22
9  713 613
10  447 347
12  622 522
13  222 122
15  586 486
18  332 232
19  563 463
20  654 554
21  689 589
22  775 675
23  425 325
26  507 407
28  376 276
29  223 123
30  431 331
31  456 356
32  461 361
33  405 305
35  147 47
36  527 427
37  745 645
38  539 439
39  239 139
40  191 91
41  347 247
42  750 650
43  311 211
44  110 10
45  200 100
47  727 627
52  237 137
53  575 475
57  201 101
58  199 99
59  381 281
60  709 609
63  630 530
64  197 97
65  340 240
66  1075 975
67  348 248
68  326 226
70  341 241
71  131 31
72  684 584
73  713 613
74  448 348
76  575 475
77  467 367
78  278 178
80  741 641
81  510 410
83  257 157
84  350 250
86  491 391
87  342 242
88  201 101
89  572 472
90  736 636
92  187 87
94  752 652
95  471 371
97  437 337
98  154 54
100  609 509
101  304 204
102  1089 989
103  694 594
104  229 129
105  326 226
106  697 597
107  326 226
108  613 513
110  301 201
111  637 537
112  327 227
113  212 112
114  182 82
116  396 296
117  492 392
120  637 537
125  179 79
126  742 642
128  305 205
129  461 361
130  651 551
134  500 400
136  350 250
138  686 586
140  731 631
141  736 636
143  559 459
144  610 510
145  490 390
146  642 542
147  241 141
148  676 576
149  211 111
150  650 550
151  688 588
152  604 504
153  106 6
155  255 155
156  120 20
158  279 179
161  767 667
162  195 95
164  698 598
165  587 487
167  690 590
168  339 239
169  470 370
170  137 37
173  273 173
175  156 56
176  361 261
179  781 681
180  146 46
181  789 689
182  538 438
184  216 116
186  603 503
187  687 587
188  703 603
189  786 686
190  294 194
191  566 466
192  441 341
193  456 356
194  645 545
196  152 52
199  323 223
200  360 260
201  641 541
202  297 197
203  161 61
204  313 213
205  516 416
206  562 462
207  162 62
208  162 62
209  305 205
210  303 203
211  252 152
212  369 269
214  260 160
215  367 267
217  349 249
218  274 174
219  287 187
221  274 174
222  214 114
224  512 412
225  619 519
227  156 56
228  209 109
229  481 381
230  469 369
231  651 551
232  625 525
233  228 128
236  760 660
238  249 149
239  644 544
241  784 684
242  496 396
246  130 30
247  430 330
248  484 384
249  215 115
251  138 38
252  583 483
253  545 445
254  276 176
255  719 619


