
instances/knapsack128.input
Reading knapsack instance
Reached 600 seconds time limit
------------------------------------------------
Total value: 40720
Total cost: 31620

0  305 205
1  101 1
2  219 119
4  287 187
5  467 367
6  1097 997
7  790 690
8  122 22
9  713 613
10  447 347
12  622 522
13  222 122
15  586 486
16  805 705
17  923 823
18  332 232
19  563 463
20  654 554
21  689 589
22  775 675
23  425 325
26  507 407
28  376 276
29  223 123
30  431 331
31  456 356
32  461 361
33  405 305
35  147 47
36  527 427
37  745 645
38  539 439
39  239 139
40  191 91
41  347 247
42  750 650
43  311 211
44  110 10
45  200 100
47  727 627
52  237 137
53  575 475
57  201 101
58  199 99
59  381 281
60  709 609
63  630 530
64  197 97
65  340 240
67  348 248
68  326 226
70  341 241
71  131 31
72  684 584
73  713 613
74  448 348
76  575 475
77  467 367
78  278 178
80  741 641
81  510 410
83  257 157
84  350 250
86  491 391
87  342 242
88  201 101
89  572 472
90  736 636
92  187 87
94  752 652
95  471 371
97  437 337
98  154 54
100  609 509
101  304 204
103  694 594
104  229 129
105  326 226
106  697 597
107  326 226
108  613 513
110  301 201
111  637 537
112  327 227
113  212 112
114  182 82
116  396 296
117  492 392
120  637 537
125  179 79
126  742 642


