
instances/knapsack64.input
Reading knapsack instance
Reached 600 seconds time limit
------------------------------------------------
Total value: 20074
Total cost: 15574

0  197 97
1  101 1
2  219 119
4  287 187
5  467 367
8  122 22
9  713 613
10  447 347
12  622 522
13  222 122
15  586 486
18  332 232
19  563 463
20  654 554
21  689 589
23  425 325
26  507 407
28  376 276
29  223 123
30  431 331
31  456 356
32  461 361
33  405 305
35  147 47
36  527 427
37  745 645
38  539 439
39  239 139
40  191 91
41  347 247
42  750 650
43  311 211
44  110 10
45  200 100
47  727 627
51  876 776
52  237 137
53  575 475
54  1077 977
57  201 101
58  199 99
59  381 281
60  709 609
61  851 751
63  630 530


