
instances/knapsack512.input
Reading knapsack instance
Reached 600 seconds time limit
------------------------------------------------
Total value: 1686921
Total cost: 1329921

0  4701 3701
1  1001 1
2  7119 6119
3  2896 1896
6  1997 997
8  2022 1022
11  7874 6874
12  6522 5522
15  4486 3486
16  1705 705
20  4554 3554
21  5589 4589
23  6325 5325
25  5000 4000
27  6776 5776
28  5276 4276
29  3123 2123
34  6798 5798
35  7047 6047
36  1427 427
40  2091 1091
41  6247 5247
43  4211 3211
44  7010 6010
46  6838 5838
47  3627 2627
48  2725 1725
49  4760 3760
50  4843 3843
51  5776 4776
52  7137 6137
53  7475 6475
54  5977 4977
55  1937 937
57  3101 2101
58  4099 3099
59  5281 4281
60  5609 4609
63  4530 3530
64  7097 6097
66  1975 975
67  7248 6248
69  4768 3768
70  3241 2241
71  7031 6031
72  6584 5584
74  2348 1348
75  2881 1881
77  6367 5367
78  6178 5178
80  2641 1641
82  7898 6898
85  5824 4824
86  4391 3391
88  7101 6101
89  4472 3472
90  4636 3636
92  2087 1087
93  1775 775
95  3371 2371
96  6867 5867
97  2337 1337
98  3054 2054
100  2509 1509
101  7204 6204
102  3989 2989
103  6594 5594
107  6226 5226
108  3513 2513
110  4201 3201
112  2227 1227
113  8112 7112
114  5082 4082
115  3959 2959
116  1296 296
117  1392 392
118  6802 5802
119  6709 5709
120  4537 3537
121  2940 1940
122  3943 2943
124  3997 2997
125  1079 79
127  1922 922
131  4947 3947
135  10937 9937
136  2250 1250
137  4754 3754
138  7586 6586
140  3631 2631
141  5636 4636
142  6752 5752
145  1390 390
146  2542 1542
149  7111 6111
150  7550 6550
151  1588 588
154  7702 6702
155  6155 5155
156  3020 2020
157  3723 2723
158  4179 3179
159  5723 4723
160  2770 1770
161  1667 667
162  3095 2095
163  5829 4829
164  2598 1598
165  8487 7487
166  7885 6885
167  2590 1590
168  5239 4239
170  7037 6037
171  2823 1823
174  2923 1923
175  2056 1056
176  6261 5261
177  5977 4977
178  1786 786
180  1046 46
181  7689 6689
182  7438 6438
183  7933 6933
184  3116 2116
186  7503 6503
188  4603 3603
189  6686 5686
190  7194 6194
191  7466 6466
192  3341 2341
194  4545 3545
195  1784 784
198  3810 2810
199  7223 6223
200  3260 2260
201  6541 5541
202  6197 5197
203  7061 6061
204  4213 3213
205  2416 1416
208  8062 7062
209  7205 6205
211  7152 6152
212  1269 269
213  7913 6913
215  1267 267
217  6249 5249
218  1174 174
220  2700 1700
221  7174 6174
222  1114 114
223  5939 4939
225  5519 4519
226  6905 5905
227  1056 56
229  6381 5381
230  2369 1369
231  6551 5551
232  6525 5525
233  2128 1128
234  4987 3987
235  7812 6812
236  3660 2660
237  2753 1753
240  4764 3764
241  3684 2684
243  7830 6830
244  5905 4905
246  8030 7030
247  6330 5330
248  1384 384
249  3115 2115
250  7981 6981
251  6038 5038
252  6483 5483
253  5445 4445
254  5176 4176
255  2619 1619
256  1570 570
258  7891 6891
259  4896 3896
260  6446 5446
262  5567 4567
263  6306 5306
264  7646 6646
267  7800 6800
268  4893 3893
269  6612 5612
270  5723 4723
272  2771 1771
276  7279 6279
278  3253 2253
279  5126 4126
280  4262 3262
281  4603 3603
282  5802 4802
284  7861 6861
285  6209 5209
288  8131 7131
291  7677 6677
292  6290 5290
293  3863 2863
294  1296 296
295  5292 4292
296  1172 172
297  3444 2444
298  1158 158
300  5241 4241
304  1958 958
306  1694 694
307  5981 4981
309  4797 3797
310  8145 7145
311  2507 1507
312  1819 819
313  2715 1715
314  6672 5672
315  2512 1512
316  1638 638
319  3076 2076
320  4915 3915
321  5022 4022
322  4879 3879
324  6014 5014
325  1866 866
326  1975 975
327  2074 1074
328  7185 6185
329  6508 5508
331  6243 5243
332  3511 2511
333  7776 6776
334  1767 767
335  1326 326
336  5579 4579
337  6694 5694
338  2496 1496
339  2662 1662
341  4017 3017
342  1829 829
343  6654 5654
344  4858 3858
345  2129 1129
346  2547 1547
348  5801 4801
352  1269 269
353  7554 6554
354  5113 4113
355  1421 421
356  4293 3293
357  7685 6685
359  7470 6470
361  5077 4077
363  1264 264
365  4624 3624
367  7961 6961
368  7045 6045
369  7055 6055
370  3042 2042
371  6254 5254
372  3722 2722
373  1880 880
377  7809 6809
378  5800 4800
379  6680 5680
380  1618 618
382  5129 4129
383  7062 6062
385  1573 573
386  2692 1692
387  4568 3568
388  2604 1604
389  5037 4037
390  7035 6035
392  10963 9963
394  6108 5108
395  6211 5211
396  5411 4411
397  2067 1067
398  5426 4426
400  6104 5104
401  1568 568
402  1208 208
404  1542 542
405  7814 6814
406  4248 3248
407  3514 2514
408  1237 237
409  7326 6326
411  5041 4041
412  4678 3678
414  2392 1392
415  6192 5192
417  8059 7059
420  6582 5582
421  4678 3678
422  3327 2327
424  2097 1097
425  6596 5596
426  5378 4378
429  4411 3411
430  4124 3124
433  3535 2535
434  4167 3167
435  3082 2082
436  4680 3680
438  7679 6679
439  4412 3412
440  4330 3330
443  7983 6983
444  2345 1345
446  7181 6181
450  5698 4698
451  2808 1808
453  4004 3004
454  2122 1122
455  3391 2391
456  7158 6158
458  3476 2476
460  7873 6873
461  2958 1958
462  2477 1477
463  7209 6209
464  6857 5857
465  4717 3717
466  7681 6681
468  4003 3003
471  3419 2419
473  3504 2504
474  4134 3134
475  1588 588
477  6719 5719
478  4219 3219
480  1151 151
481  3341 2341
482  6717 5717
484  2181 1181
486  5039 4039
487  6456 5456
488  7191 6191
489  5760 4760
491  8135 7135
493  1390 390
496  2319 1319
497  2496 1496
498  7516 6516
499  6001 5001
500  4156 3156
501  7906 6906
502  2011 1011
504  1526 526
505  5437 4437
506  1335 335
508  8074 7074
509  2142 1142
510  6968 5968
511  3876 2876


